#
# There is insufficient memory for the Java Runtime Environment to continue.
# Native memory allocation (mmap) failed to map 201326592 bytes for G1 virtual space
# Possible reasons:
#   The system is out of physical RAM or swap space
#   The process is running with CompressedOops enabled, and the Java Heap may be blocking the growth of the native heap
# Possible solutions:
#   Reduce memory load on the system
#   Increase physical memory or swap space
#   Check if swap backing store is full
#   Decrease Java heap size (-Xmx/-Xms)
#   Decrease number of Java threads
#   Decrease Java thread stack sizes (-Xss)
#   Set larger code cache with -XX:ReservedCodeCacheSize=
#   JVM is running with Zero Based Compressed Oops mode in which the Java heap is
#     placed in the first 32GB address space. The Java Heap base address is the
#     maximum limit for the native heap growth. Please use -XX:HeapBaseMinAddress
#     to set the Java Heap base and to place the Java Heap above 32GB virtual address.
# This output file may be truncated or incomplete.
#
#  Out of Memory Error (os_windows.cpp:3469), pid=16176, tid=14776
#
# JRE version:  (17.0.1+12) (build )
# Java VM: OpenJDK 64-Bit Server VM (17.0.1+12, mixed mode, sharing, tiered, compressed oops, compressed class ptrs, g1 gc, windows-amd64)
# No core dump will be written. Minidumps are not enabled by default on client versions of Windows
#

---------------  S U M M A R Y ------------

Command Line: -Dfile.encoding=Cp1252 -XX:+ShowCodeDetailsInExceptionMessages Main.App

Host: Intel(R) Celeron(R) CPU 4205U @ 1.80GHz, 2 cores, 11G,  Windows 10 , 64 bit Build 19041 (10.0.19041.1706)
Time: Wed Jun 15 10:30:25 2022 Hora estándar, América Central elapsed time: 0.021394 seconds (0d 0h 0m 0s)

---------------  T H R E A D  ---------------

Current thread (0x00000240937bb6d0):  JavaThread "Unknown thread" [_thread_in_vm, id=14776, stack(0x000000eb15f00000,0x000000eb16000000)]

Stack: [0x000000eb15f00000,0x000000eb16000000]
Native frames: (J=compiled Java code, j=interpreted, Vv=VM code, C=native code)
V  [jvm.dll+0x6744da]
V  [jvm.dll+0x82e144]
V  [jvm.dll+0x82f8ee]
V  [jvm.dll+0x82ff53]
V  [jvm.dll+0x245175]
V  [jvm.dll+0x6714c9]
V  [jvm.dll+0x665f92]
V  [jvm.dll+0x303c3b]
V  [jvm.dll+0x30b176]
V  [jvm.dll+0x35af1e]
V  [jvm.dll+0x35b14f]
V  [jvm.dll+0x2dab78]
V  [jvm.dll+0x2dbae4]
V  [jvm.dll+0x7ffdf1]
V  [jvm.dll+0x368c91]
V  [jvm.dll+0x7df2cc]
V  [jvm.dll+0x3eb59f]
V  [jvm.dll+0x3ed121]
C  [jli.dll+0x5277]
C  [ucrtbase.dll+0x21bb2]
C  [KERNEL32.DLL+0x17034]
C  [ntdll.dll+0x52651]


---------------  P R O C E S S  ---------------

Threads class SMR info:
_java_thread_list=0x00007ffba3d04e58, length=0, elements={
}

Java Threads: ( => current thread )

Other Threads:
  0x00000240937fdb00 GCTaskThread "GC Thread#0" [stack: 0x000000eb16000000,0x000000eb16100000] [id=17872]
  0x000002409380a850 ConcurrentGCThread "G1 Main Marker" [stack: 0x000000eb16100000,0x000000eb16200000] [id=23792]
  0x000002409380cb50 ConcurrentGCThread "G1 Conc#0" [stack: 0x000000eb16200000,0x000000eb16300000] [id=19148]

[error occurred during error reporting (printing all threads), id 0xc0000005, EXCEPTION_ACCESS_VIOLATION (0xc0000005) at pc=0x00007ffba34db5f7]

VM state: not at safepoint (not fully initialized)

VM Mutex/Monitor currently owned by a thread:  ([mutex/lock_event])
[0x00000240937b6c40] Heap_lock - owner thread: 0x00000240937bb6d0

Heap address: 0x0000000741e00000, size: 3042 MB, Compressed Oops mode: Zero based, Oop shift amount: 3

CDS archive(s) mapped at: [0x0000000000000000-0x0000000000000000-0x0000000000000000), size 0, SharedBaseAddress: 0x0000000800000000, ArchiveRelocationMode: 0.
Narrow klass base: 0x0000000000000000, Narrow klass shift: 0, Narrow klass range: 0x0

GC Precious Log:
<Empty>

Heap:
 garbage-first heap   total 0K, used 0K [0x0000000741e00000, 0x0000000800000000)
  region size 2048K, 0 young (0K), 0 survivors (0K)

[error occurred during error reporting (printing heap information), id 0xc0000005, EXCEPTION_ACCESS_VIOLATION (0xc0000005) at pc=0x00007ffba38bd729]

GC Heap History (0 events):
No events

Deoptimization events (0 events):
No events

Classes unloaded (0 events):
No events

Classes redefined (0 events):
No events

Internal exceptions (0 events):
No events

VM Operations (0 events):
No events

Events (1 events):
Event: 0.012 Loaded shared library C:\Eclipse\eclipse\plugins\org.eclipse.justj.openjdk.hotspot.jre.full.win32.x86_64_17.0.1.v20211116-1657\jre\bin\java.dll


Dynamic libraries:
0x00007ff66cd90000 - 0x00007ff66cd9e000 	C:\Eclipse\eclipse\plugins\org.eclipse.justj.openjdk.hotspot.jre.full.win32.x86_64_17.0.1.v20211116-1657\jre\bin\javaw.exe
0x00007ffbdfa70000 - 0x00007ffbdfc65000 	C:\Windows\SYSTEM32\ntdll.dll
0x00007ffbdf600000 - 0x00007ffbdf6bd000 	C:\Windows\System32\KERNEL32.DLL
0x00007ffbdd490000 - 0x00007ffbdd75d000 	C:\Windows\System32\KERNELBASE.dll
0x00007ffbdd760000 - 0x00007ffbdd860000 	C:\Windows\System32\ucrtbase.dll
0x00007ffbc6710000 - 0x00007ffbc6728000 	C:\Eclipse\eclipse\plugins\org.eclipse.justj.openjdk.hotspot.jre.full.win32.x86_64_17.0.1.v20211116-1657\jre\bin\jli.dll
0x00007ffbddd70000 - 0x00007ffbddf10000 	C:\Windows\System32\USER32.dll
0x00007ffbdd300000 - 0x00007ffbdd322000 	C:\Windows\System32\win32u.dll
0x00007ffbde8f0000 - 0x00007ffbde91a000 	C:\Windows\System32\GDI32.dll
0x00007ffbdd890000 - 0x00007ffbdd99b000 	C:\Windows\System32\gdi32full.dll
0x00007ffbdd1d0000 - 0x00007ffbdd26d000 	C:\Windows\System32\msvcp_win.dll
0x00007ffbd8c60000 - 0x00007ffbd8c79000 	C:\Eclipse\eclipse\plugins\org.eclipse.justj.openjdk.hotspot.jre.full.win32.x86_64_17.0.1.v20211116-1657\jre\bin\VCRUNTIME140.dll
0x00007ffbc5b40000 - 0x00007ffbc5dda000 	C:\Windows\WinSxS\amd64_microsoft.windows.common-controls_6595b64144ccf1df_6.0.19041.1110_none_60b5254171f9507e\COMCTL32.dll
0x00007ffbdf560000 - 0x00007ffbdf5fe000 	C:\Windows\System32\msvcrt.dll
0x00007ffbddba0000 - 0x00007ffbddbd0000 	C:\Windows\System32\IMM32.DLL
0x00007ffbd8c40000 - 0x00007ffbd8c4c000 	C:\Eclipse\eclipse\plugins\org.eclipse.justj.openjdk.hotspot.jre.full.win32.x86_64_17.0.1.v20211116-1657\jre\bin\vcruntime140_1.dll
0x00007ffbb3eb0000 - 0x00007ffbb3f41000 	C:\Eclipse\eclipse\plugins\org.eclipse.justj.openjdk.hotspot.jre.full.win32.x86_64_17.0.1.v20211116-1657\jre\bin\msvcp140.dll
0x00007ffba31f0000 - 0x00007ffba3e36000 	C:\Eclipse\eclipse\plugins\org.eclipse.justj.openjdk.hotspot.jre.full.win32.x86_64_17.0.1.v20211116-1657\jre\bin\server\jvm.dll
0x00007ffbdf6c0000 - 0x00007ffbdf76e000 	C:\Windows\System32\ADVAPI32.dll
0x00007ffbdeed0000 - 0x00007ffbdef6c000 	C:\Windows\System32\sechost.dll
0x00007ffbdeda0000 - 0x00007ffbdeec5000 	C:\Windows\System32\RPCRT4.dll
0x00007ffbdf0c0000 - 0x00007ffbdf0c8000 	C:\Windows\System32\PSAPI.DLL
0x00007ffbd8cc0000 - 0x00007ffbd8cc9000 	C:\Windows\SYSTEM32\WSOCK32.dll
0x00007ffbdef70000 - 0x00007ffbdefdb000 	C:\Windows\System32\WS2_32.dll
0x00007ffbbe030000 - 0x00007ffbbe057000 	C:\Windows\SYSTEM32\WINMM.dll
0x00007ffbce7b0000 - 0x00007ffbce7ba000 	C:\Windows\SYSTEM32\VERSION.dll
0x00007ffbdb080000 - 0x00007ffbdb092000 	C:\Windows\SYSTEM32\kernel.appcore.dll
0x00007ffbd8c30000 - 0x00007ffbd8c3a000 	C:\Eclipse\eclipse\plugins\org.eclipse.justj.openjdk.hotspot.jre.full.win32.x86_64_17.0.1.v20211116-1657\jre\bin\jimage.dll
0x00007ffbd7390000 - 0x00007ffbd7574000 	C:\Windows\SYSTEM32\DBGHELP.DLL
0x00007ffbbeb80000 - 0x00007ffbbebac000 	C:\Windows\SYSTEM32\dbgcore.DLL
0x00007ffbdd270000 - 0x00007ffbdd2f2000 	C:\Windows\System32\bcryptPrimitives.dll
0x00007ffbd5de0000 - 0x00007ffbd5e05000 	C:\Eclipse\eclipse\plugins\org.eclipse.justj.openjdk.hotspot.jre.full.win32.x86_64_17.0.1.v20211116-1657\jre\bin\java.dll

dbghelp: loaded successfully - version: 4.0.5 - missing functions: none
symbol engine: initialized successfully - sym options: 0x614 - pdb path: .;C:\Eclipse\eclipse\plugins\org.eclipse.justj.openjdk.hotspot.jre.full.win32.x86_64_17.0.1.v20211116-1657\jre\bin;C:\Windows\SYSTEM32;C:\Windows\WinSxS\amd64_microsoft.windows.common-controls_6595b64144ccf1df_6.0.19041.1110_none_60b5254171f9507e;C:\Eclipse\eclipse\plugins\org.eclipse.justj.openjdk.hotspot.jre.full.win32.x86_64_17.0.1.v20211116-1657\jre\bin\server

VM Arguments:
jvm_args: -Dfile.encoding=Cp1252 -XX:+ShowCodeDetailsInExceptionMessages 
java_command: Main.App
java_class_path (initial): C:\Users\vanes\Desktop\ProyectAlgorithms\ProyectoAlgorimos\bin
Launcher Type: SUN_STANDARD

[Global flags]
     intx CICompilerCount                          = 2                                         {product} {ergonomic}
     uint ConcGCThreads                            = 1                                         {product} {ergonomic}
     uint G1ConcRefinementThreads                  = 2                                         {product} {ergonomic}
   size_t G1HeapRegionSize                         = 2097152                                   {product} {ergonomic}
    uintx GCDrainStackTargetSize                   = 64                                        {product} {ergonomic}
   size_t InitialHeapSize                          = 201326592                                 {product} {ergonomic}
   size_t MarkStackSize                            = 4194304                                   {product} {ergonomic}
   size_t MaxHeapSize                              = 3189768192                                {product} {ergonomic}
   size_t MinHeapDeltaBytes                        = 2097152                                   {product} {ergonomic}
   size_t MinHeapSize                              = 8388608                                   {product} {ergonomic}
    uintx NonNMethodCodeHeapSize                   = 5826188                                {pd product} {ergonomic}
    uintx NonProfiledCodeHeapSize                  = 122916026                              {pd product} {ergonomic}
    uintx ProfiledCodeHeapSize                     = 122916026                              {pd product} {ergonomic}
    uintx ReservedCodeCacheSize                    = 251658240                              {pd product} {ergonomic}
     bool SegmentedCodeCache                       = true                                      {product} {ergonomic}
     bool ShowCodeDetailsInExceptionMessages       = true                                   {manageable} {command line}
   size_t SoftMaxHeapSize                          = 3189768192                             {manageable} {ergonomic}
     bool UseCompressedClassPointers               = true                           {product lp64_product} {ergonomic}
     bool UseCompressedOops                        = true                           {product lp64_product} {ergonomic}
     bool UseG1GC                                  = true                                      {product} {ergonomic}
     bool UseLargePagesIndividualAllocation        = false                                  {pd product} {ergonomic}

Logging:
Log output configuration:
 #0: stdout all=warning uptime,level,tags
 #1: stderr all=off uptime,level,tags

Environment Variables:
PATH=C:/Eclipse/eclipse//plugins/org.eclipse.justj.openjdk.hotspot.jre.full.win32.x86_64_17.0.1.v20211116-1657/jre/bin/server;C:/Eclipse/eclipse//plugins/org.eclipse.justj.openjdk.hotspot.jre.full.win32.x86_64_17.0.1.v20211116-1657/jre/bin;C:\ProgramData\Oracle\Java\javapath;C:\Windows\system32;C:\Windows;C:\Windows\System32\Wbem;C:\Windows\System32\WindowsPowerShell\v1.0\;C:\Windows\System32\OpenSSH\;C:\Program Files\Git\cmd;C:\Users\vanes\AppData\Local\Microsoft\WindowsApps;;C:\Eclipse\eclipse;
USERNAME=vanes
OS=Windows_NT
PROCESSOR_IDENTIFIER=Intel64 Family 6 Model 142 Stepping 12, GenuineIntel



---------------  S Y S T E M  ---------------

OS:
 Windows 10 , 64 bit Build 19041 (10.0.19041.1706)
OS uptime: 26 days 21:45 hours

CPU: total 2 (initial active 2) (2 cores per cpu, 1 threads per core) family 6 model 142 stepping 12 microcode 0xf0, cx8, cmov, fxsr, mmx, 3dnowpref, sse, sse2, sse3, ssse3, sse4.1, sse4.2, popcnt, lzcnt, tsc, tscinvbit, aes, erms, clmul, clflush, clflushopt

Memory: 4k page, system-wide physical 12161M (5442M free)
TotalPageFile size 41842M (AvailPageFile size 90M)
current process WorkingSet (physical memory assigned to process): 10M, peak: 10M
current process commit charge ("private bytes"): 47M, peak: 239M

vm_info: OpenJDK 64-Bit Server VM (17.0.1+12) for windows-amd64 JRE (17.0.1+12), built on Oct 20 2021 07:42:55 by "" with MS VC++ 16.7 (VS2019)

END.
